Copyright 1986-2017 Xilinx, Inc. All Rights Reserved.
------------------------------------------------------------------------------------
| Tool Version : Vivado v.2017.4 (win64) Build 2086221 Fri Dec 15 20:55:39 MST 2017
| Date         : Sat Jun  9 19:15:09 2018
| Host         : DESKTOP-R99TAMK running 64-bit major release  (build 9200)
| Command      : report_control_sets -verbose -file Top_control_sets_placed.rpt
| Design       : Top
| Device       : xc7a35ti
------------------------------------------------------------------------------------

Control Set Information

Table of Contents
-----------------
1. Summary
2. Flip-Flop Distribution
3. Detailed Control Set Information

1. Summary
----------

+----------------------------------------------------------+-------+
|                          Status                          | Count |
+----------------------------------------------------------+-------+
| Number of unique control sets                            |    24 |
| Unused register locations in slices containing registers |    83 |
+----------------------------------------------------------+-------+


2. Flip-Flop Distribution
-------------------------

+--------------+-----------------------+------------------------+-----------------+--------------+
| Clock Enable | Synchronous Set/Reset | Asynchronous Set/Reset | Total Registers | Total Slices |
+--------------+-----------------------+------------------------+-----------------+--------------+
| No           | No                    | No                     |              27 |           10 |
| No           | No                    | Yes                    |               0 |            0 |
| No           | Yes                   | No                     |             138 |           39 |
| Yes          | No                    | No                     |              80 |           17 |
| Yes          | No                    | Yes                    |               0 |            0 |
| Yes          | Yes                   | No                     |              80 |           22 |
+--------------+-----------------------+------------------------+-----------------+--------------+


3. Detailed Control Set Information
-----------------------------------

+----------------+-------------------------------------+-------------------------------------+------------------+----------------+
|  Clock Signal  |            Enable Signal            |           Set/Reset Signal          | Slice Load Count | Bel Load Count |
+----------------+-------------------------------------+-------------------------------------+------------------+----------------+
| ~clk_out       |                                     |                                     |                1 |              2 |
| ~clk_out_0     |                                     |                                     |                1 |              2 |
| ~clk_out_1     |                                     |                                     |                1 |              2 |
| ~clk_out       | prog4/sec_2[3]_i_2_n_0              | prog4/sec_2[3]_i_1_n_0              |                1 |              4 |
| ~clk_out       | prog4/sec_1[3]_i_1_n_0              | prog4/distance_count[15]_i_1__0_n_0 |                1 |              4 |
| ~clk_out       | prog4/sec_3[3]_i_2_n_0              | prog4/sec_3[3]_i_1_n_0              |                1 |              4 |
| ~clk_out_0     | prog6/sec_1[3]_i_1__0_n_0           | prog6/distance_count[15]_i_1__1_n_0 |                1 |              4 |
| ~clk_out_0     | prog6/sec_3[3]_i_2__0_n_0           | prog6/sec_3[3]_i_1__0_n_0           |                1 |              4 |
| ~clk_out_0     | prog6/sec_2[3]_i_2__0_n_0           | prog6/sec_2[3]_i_1__0_n_0           |                2 |              4 |
|  clk_IBUF_BUFG |                                     | prog2/clear                         |                4 |             16 |
|  clk_IBUF_BUFG |                                     | prog4/count[0]_i_1__0_n_0           |                4 |             16 |
|  clk_IBUF_BUFG |                                     | prog6/count[0]_i_1__1_n_0           |                4 |             16 |
| ~clk_out_1     | prog2/distance[15]_i_1_n_0          |                                     |                3 |             16 |
| ~clk_out_1     | prog2/distance_count[15]_i_2__1_n_0 | prog2/distance_count[15]_i_1_n_0    |                4 |             16 |
|  clk_IBUF_BUFG |                                     | prog10/cnt_period[16]_i_1__2_n_0    |                5 |             17 |
|  clk_IBUF_BUFG |                                     | prog7/cnt_period[16]_i_1_n_0        |                5 |             17 |
|  clk_IBUF_BUFG |                                     | prog8/cnt_period[16]_i_1__0_n_0     |                5 |             17 |
|  clk_IBUF_BUFG |                                     | prog9/cnt_period[16]_i_1__1_n_0     |                5 |             17 |
| ~clk_out       | prog4/distance_count[15]_i_2_n_0    | prog4/distance_count[15]_i_1__0_n_0 |                5 |             20 |
| ~clk_out_0     | prog6/distance_count[15]_i_2__0_n_0 | prog6/distance_count[15]_i_1__1_n_0 |                6 |             20 |
|  clk_IBUF_BUFG |                                     |                                     |                7 |             21 |
|  clk_IBUF_BUFG |                                     | prog1/cnt_period[21]_i_1_n_0        |                7 |             22 |
| ~clk_out       | prog4/distance[15]_i_1__0_n_0       |                                     |                6 |             32 |
| ~clk_out_0     | prog6/distance[15]_i_1__1_n_0       |                                     |                8 |             32 |
+----------------+-------------------------------------+-------------------------------------+------------------+----------------+


+--------+-----------------------+
| Fanout | Number of ControlSets |
+--------+-----------------------+
| 2      |                     3 |
| 4      |                     6 |
| 16+    |                    15 |
+--------+-----------------------+


