#-----------------------------------------------------------
# Vivado v2017.4 (64-bit)
# SW Build 2086221 on Fri Dec 15 20:55:39 MST 2017
# IP Build 2085800 on Fri Dec 15 22:25:07 MST 2017
# Start of session at: Thu Jun  7 20:50:07 2018
# Process ID: 6924
# Current directory: C:/Users/YihengJ/Documents/GitHub/FPGA-Project/Sonic
# Command line: vivado.exe -gui_launcher_event rodinguilauncherevent11464 C:\Users\YihengJ\Documents\GitHub\FPGA-Project\Sonic\Sonic.xpr
# Log file: C:/Users/YihengJ/Documents/GitHub/FPGA-Project/Sonic/vivado.log
# Journal file: C:/Users/YihengJ/Documents/GitHub/FPGA-Project/Sonic\vivado.jou
#-----------------------------------------------------------
start_gui
open_project C:/Users/YihengJ/Documents/GitHub/FPGA-Project/Sonic/Sonic.xpr
INFO: [Project 1-313] Project file moved from 'C:/Users/YihengJ/Documents/Project/XilinkProject/Sonic' since last save.
Scanning sources...
Finished scanning sources
INFO: [IP_Flow 19-234] Refreshing IP repositories
INFO: [IP_Flow 19-1704] No user IP repositories specified
INFO: [IP_Flow 19-2313] Loaded Vivado IP repository 'C:/Xilinx/Vivado/2017.4/data/ip'.
open_project: Time (s): cpu = 00:00:14 ; elapsed = 00:00:07 . Memory (MB): peak = 758.918 ; gain = 92.945
update_compile_order -fileset sources_1
